<?xml version="1.0" encoding="UTF-8"?>
<!-- Generated by org.testng.reporters.JUnitReportReporter -->
<testsuite hostname="DESKTOP-DKP8FL3" failures="0" tests="1" name="TC_003_ValidatingHeaders" time="1.592" errors="0" timestamp="2020-03-11T15:16:06 PDT" skipped="0">
  <testcase classname="TC_003_ValidatingHeaders" name="validatingHeaders" time="1.592"/>
  <system-out/>
</testsuite> <!-- TC_003_ValidatingHeaders -->
