<?xml version="1.0" encoding="UTF-8"?>
<!-- Generated by org.testng.reporters.JUnitReportReporter -->
<testsuite hostname="DESKTOP-DKP8FL3" failures="0" tests="1" name="TC_002_POST_request" time="1.866" errors="0" timestamp="2020-03-11T14:41:19 PDT" skipped="0">
  <testcase classname="TC_002_POST_request" name="registrationSuccessfull" time="1.866"/>
  <system-out/>
</testsuite> <!-- TC_002_POST_request -->
