<?xml version="1.0" encoding="UTF-8"?>
<!-- Generated by org.testng.reporters.JUnitReportReporter -->
<testsuite hostname="DESKTOP-DKP8FL3" failures="0" tests="1" name="DataDrivenTestingAPI.DataDrivenTest_AddNewEmployees" time="2.266" errors="0" timestamp="2020-03-15T21:35:15 PDT" skipped="0">
  <testcase classname="DataDrivenTestingAPI.DataDrivenTest_AddNewEmployees" name="postNewEmployees" time="2.266"/>
  <system-out/>
</testsuite> <!-- DataDrivenTestingAPI.DataDrivenTest_AddNewEmployees -->
