<?xml version="1.0" encoding="UTF-8"?>
<!-- Generated by org.testng.reporters.JUnitReportReporter -->
<testsuite hostname="DESKTOP-DKP8FL3" failures="0" tests="5" name="DataDrivenTestingAPI.DataProviderPostNewEmployees1" time="2.960" errors="0" timestamp="2020-03-15T22:14:50 PDT" skipped="0">
  <testcase classname="DataDrivenTestingAPI.DataProviderPostNewEmployees1" name="postNewEmployees" time="0.368"/>
  <system-out/>
  <testcase classname="DataDrivenTestingAPI.DataProviderPostNewEmployees1" name="postNewEmployees" time="0.336"/>
  <system-out/>
  <testcase classname="DataDrivenTestingAPI.DataProviderPostNewEmployees1" name="postNewEmployees" time="1.643"/>
  <system-out/>
  <testcase classname="DataDrivenTestingAPI.DataProviderPostNewEmployees1" name="postNewEmployees" time="0.300"/>
  <system-out/>
  <testcase classname="DataDrivenTestingAPI.DataProviderPostNewEmployees1" name="postNewEmployees" time="0.313"/>
  <system-out/>
</testsuite> <!-- DataDrivenTestingAPI.DataProviderPostNewEmployees1 -->
