<?xml version="1.0" encoding="UTF-8"?>
<!-- Generated by org.testng.reporters.JUnitReportReporter -->
<testsuite hostname="DESKTOP-DKP8FL3" failures="0" tests="1" name="TC_007_Basic_Authentication" time="1.780" errors="0" timestamp="2020-03-12T12:46:38 PDT" skipped="0">
  <testcase classname="TC_007_Basic_Authentication" name="basicAuthentication" time="1.780"/>
  <system-out/>
</testsuite> <!-- TC_007_Basic_Authentication -->
