<?xml version="1.0" encoding="UTF-8"?>
<!-- Generated by org.testng.reporters.JUnitReportReporter -->
<testsuite hostname="DESKTOP-DKP8FL3" failures="0" tests="1" name="TC_005_GET_ValidatingDetails" time="1.542" errors="0" timestamp="2020-03-11T18:52:15 PDT" skipped="0">
  <testcase classname="TC_005_GET_ValidatingDetails" name="weatherDetails" time="1.542"/>
  <system-out/>
</testsuite> <!-- TC_005_GET_ValidatingDetails -->
