<?xml version="1.0" encoding="UTF-8"?>
<!-- Generated by org.testng.reporters.JUnitReportReporter -->
<testsuite hostname="DESKTOP-DKP8FL3" failures="0" tests="1" name="TC_006_GET_ExtractValuesofEchNodeInJson" time="3.285" errors="0" timestamp="2020-03-11T20:08:28 PDT" skipped="0">
  <testcase classname="TC_006_GET_ExtractValuesofEchNodeInJson" name="extractValues" time="3.285"/>
  <system-out/>
</testsuite> <!-- TC_006_GET_ExtractValuesofEchNodeInJson -->
