<?xml version="1.0" encoding="UTF-8"?>
<!-- Generated by org.testng.reporters.JUnitReportReporter -->
<testsuite hostname="DESKTOP-DKP8FL3" failures="0" tests="1" name="PracticeGet" time="2.796" errors="0" timestamp="2020-03-14T19:39:09 PDT" skipped="0">
  <testcase classname="PracticeGet" name="getPrac" time="2.796"/>
  <system-out/>
</testsuite> <!-- PracticeGet -->
